
> barrow@0.1.0 build
> next build

   Î“Ă»â–“ Next.js 15.4.6
   - Environments: .env
   - Experiments (use with caution):
     â”¬â•– serverActions

   Creating an optimized production build ...
 Î“ÂŁĂ´ Compiled successfully in 17.0s
   Linting and checking validity of types ...
   Collecting page data ...
 Î“ĂśĂˇ Using edge runtime on a page currently disables static generation for that page
   Generating static pages (0/74) ...
   Generating static pages (18/74) 
   Generating static pages (36/74) 
   Generating static pages (55/74) 
 Î“ÂŁĂ´ Generating static pages (74/74)
   Finalizing page optimization ...
   Collecting build traces ...

Route (app)                                         Size  First Load JS
Î“Ă¶Ă® â•žĂ† /                                            19.1 kB        7.64 MB
Î“Ă¶ÂŁ â•žĂ† /_not-found                                     1 kB         102 kB
Î“Ă¶ÂŁ â•žĂ† /admin                                        136 kB        7.59 MB
Î“Ă¶ÂŁ â•žĂ† /admin/purchase-request                      3.85 kB         542 kB
Î“Ă¶ÂŁ â•žĂ† /admin/purchase-request/[requestId]          2.53 kB         108 kB
Î“Ă¶ÂŁ â•žĂ† /admin/purchase-request/my-req               2.31 kB         537 kB
Î“Ă¶ÂŁ â•žĂ† /admin/purchase-request/my-req/assigned        333 B         101 kB
Î“Ă¶ÂŁ â•žĂ† /api/activate                                  333 B         101 kB
Î“Ă¶ÂŁ â•žĂ† /api/admin/achivment                           333 B         101 kB
Î“Ă¶ÂŁ â•žĂ† /api/admin/active_code                         333 B         101 kB
Î“Ă¶ÂŁ â•žĂ† /api/admin/active_code/send                    333 B         101 kB
Î“Ă¶ÂŁ â•žĂ† /api/admin/dashboard                           333 B         101 kB
Î“Ă¶ÂŁ â•žĂ† /api/admin/dashboard/actions                   333 B         101 kB
Î“Ă¶ÂŁ â•žĂ† /api/admin/financial-report                    333 B         101 kB
Î“Ă¶ÂŁ â•žĂ† /api/admin/payment-settings                    333 B         101 kB
Î“Ă¶ÂŁ â•žĂ† /api/admin/purchase-req/details/[requestId]    333 B         101 kB
Î“Ă¶ÂŁ â•žĂ† /api/admin/purchase-req/my-req                 333 B         101 kB
Î“Ă¶ÂŁ â•žĂ† /api/admin/purchase-req/my-req/[requestId]     333 B         101 kB
Î“Ă¶ÂŁ â•žĂ† /api/admin/purchase-req/unassigned             333 B         101 kB
Î“Ă¶ÂŁ â•žĂ† /api/admin/shamcash-payout-jobs                333 B         101 kB
Î“Ă¶ÂŁ â•žĂ† /api/admin/support/messages                    333 B         101 kB
Î“Ă¶ÂŁ â•žĂ† /api/admin/support/reply                       333 B         101 kB
Î“Ă¶ÂŁ â•žĂ† /api/analytics/web-vitals                      333 B         101 kB
Î“Ă¶ÂŁ â•žĂ† /api/auth/[...nextauth]                        333 B         101 kB
Î“Ă¶ÂŁ â•žĂ† /api/auth/verify-email                         333 B         101 kB
Î“Ă¶ÂŁ â•žĂ† /api/cars                                      333 B         101 kB
Î“Ă¶ÂŁ â•žĂ† /api/cars/new_car/[id]                         333 B         101 kB
Î“Ă¶ÂŁ â•žĂ† /api/cars/used_car                             333 B         101 kB
Î“Ă¶ÂŁ â•žĂ† /api/cars/used_car/[id]                        333 B         101 kB
Î“Ă¶ÂŁ â•žĂ† /api/categories                                333 B         101 kB
Î“Ă¶ÂŁ â•žĂ† /api/charging_account                          333 B         101 kB
Î“Ă¶ÂŁ â•žĂ† /api/favorites                                 333 B         101 kB
Î“Ă¶ÂŁ â•žĂ† /api/geocode/reverse                           333 B         101 kB
Î“Ă¶ÂŁ â•žĂ† /api/items                                     333 B         101 kB
Î“Ă¶ÂŁ â•žĂ† /api/items/delete/[id]                         333 B         101 kB
Î“Ă¶ÂŁ â•žĂ† /api/items/details/[id]                        333 B         101 kB
Î“Ă¶ÂŁ â•žĂ† /api/items/featured                            333 B         101 kB
Î“Ă¶ÂŁ â•žĂ† /api/notifications                             333 B         101 kB
Î“Ă¶ÂŁ â•žĂ† /api/notifications/[id]/read                   333 B         101 kB
Î“Ă¶ÂŁ â•žĂ† /api/notifications/stream                      333 B         101 kB
Î“Ă¶ÂŁ â•žĂ† /api/notifications/unread-count                333 B         101 kB
Î“Ă¶ÂŁ â•žĂ† /api/otherItems                                333 B         101 kB
Î“Ă¶ÂŁ â•žĂ† /api/otherItems/[id]                           333 B         101 kB
Î“Ă¶ÂŁ â•žĂ† /api/pay/fatora                                333 B         101 kB
Î“Ă¶ÂŁ â•žĂ† /api/pay/fatora/confirm                        333 B         101 kB
Î“Ă¶ÂŁ â•žĂ† /api/pay/paypal/capture                        333 B         101 kB
Î“Ă¶ÂŁ â•žĂ† /api/pay/paypal/withdraw                       333 B         101 kB
Î“Ă¶ÂŁ â•žĂ† /api/pay/settings                              333 B         101 kB
Î“Ă¶ÂŁ â•žĂ† /api/pay/shamcash/withdraw                     333 B         101 kB
Î“Ă¶ÂŁ â•žĂ† /api/profile                                   333 B         101 kB
Î“Ă¶ÂŁ â•žĂ† /api/profile-image                             333 B         101 kB
Î“Ă¶ÂŁ â•žĂ† /api/profile/[id]                              333 B         101 kB
Î“Ă¶ÂŁ â•žĂ† /api/profile/edit-verification/send-code       333 B         101 kB
Î“Ă¶ÂŁ â•žĂ† /api/profile/edit-verification/verify-code     333 B         101 kB
Î“Ă¶ÂŁ â•žĂ† /api/profile/summary                           333 B         101 kB
Î“Ă¶ÂŁ â•žĂ† /api/profile/withdrawals/shamcash              333 B         101 kB
Î“Ă¶ÂŁ â•žĂ† /api/purchase                                  333 B         101 kB
Î“Ă¶ÂŁ â•žĂ† /api/purchase/admin_aggremental                333 B         101 kB
Î“Ă¶ÂŁ â•žĂ† /api/purchase/admin_claim                      333 B         101 kB
Î“Ă¶ÂŁ â•žĂ† /api/purchase/final_transaction                333 B         101 kB
Î“Ă¶ÂŁ â•žĂ† /api/purchase/owner_decision                   333 B         101 kB
Î“Ă¶ÂŁ â•žĂ† /api/ratings/item                              333 B         101 kB
Î“Ă¶ÂŁ â•žĂ† /api/ratings/property                          333 B         101 kB
Î“Ă¶ÂŁ â•žĂ† /api/ratings/user                              333 B         101 kB
Î“Ă¶ÂŁ â•žĂ† /api/realestate                                333 B         101 kB
Î“Ă¶ÂŁ â•žĂ† /api/realestate/[id]                           333 B         101 kB
Î“Ă¶ÂŁ â•žĂ† /api/realestate/update                         333 B         101 kB
Î“Ă¶ÂŁ â•žĂ† /api/support/activation-code-request           333 B         101 kB
Î“Ă¶ÂŁ â•žĂ† /api/support/contact                           333 B         101 kB
Î“Ă¶ÂŁ â•žĂ† /api/support/tickets                           333 B         101 kB
Î“Ă¶ÂŁ â•žĂ† /api/support/tickets/[ticketId]                333 B         101 kB
Î“Ă¶ÂŁ â•žĂ† /api/support/tickets/[ticketId]/reply          333 B         101 kB
Î“Ă¶ÂŁ â•žĂ† /api/transactions/manage                       333 B         101 kB
Î“Ă¶ÂŁ â•žĂ† /api/transactions/rent                         333 B         101 kB
Î“Ă¶ÂŁ â•žĂ† /api/transactions/sell                         333 B         101 kB
Î“Ă¶ÂŁ â•žĂ† /api/upload                                    333 B         101 kB
Î“Ă¶ÂŁ â•žĂ† /api/webhooks/fatora                           333 B         101 kB
Î“Ă¶ÂŁ â•žĂ† /api/webhooks/shamcash                         333 B         101 kB
Î“Ă¶ÂŁ â•žĂ† /api/ws                                        333 B         101 kB
Î“Ă¶ÂŁ â•žĂ† /items/details/[id]                           8.4 kB        7.45 MB
Î“Ă¶ÂŁ â•žĂ† /items/details/[id]/opengraph-image            333 B         101 kB
Î“Ă¶ÂŁ â•žĂ† /items/details/[id]/twitter-image              333 B         101 kB
Î“Ă¶ÂŁ Î“ĂąĂŻ /manifest.webmanifest                          333 B         101 kB
Î“Ă¶ÂŁ â•žĂ† /opengraph-image                               333 B         101 kB
Î“Ă¶ÂŁ â•žĂ† /payment                                      5.8 kB         106 kB
Î“Ă¶ÂŁ â•žĂ† /profile                                     15.6 kB        7.51 MB
Î“Ă¶ÂŁ Î“ĂąĂŻ /robots.txt                                    333 B         101 kB
Î“Ă¶ÂŁ Î“ĂąĂŻ /sitemap.xml                                   333 B         101 kB
Î“Ă¶ÂŁ â•žĂ† /sitemap/[id]                                  333 B         101 kB
Î“Ă¶ÂŁ â•žĂ† /twitter-image                                 333 B         101 kB
Î“Ă¶Ă¶ â•žĂ† /verify-email                                  165 B         104 kB
+ First Load JS shared by all                     101 kB
  Î“Ă¶ÂŁ chunks/4bd1b696-cc729d47eba2cee4.js          54.1 kB
  Î“Ă¶ÂŁ chunks/5964-6d6a41800488ba64.js              43.9 kB
  Î“Ă¶Ă¶ other shared chunks (total)                  2.57 kB


â•žĂ† Middleware                                     45.2 kB

Î“ĂąĂŻ  (Static)   prerendered as static content
â•žĂ†  (Dynamic)  server-rendered on demand

