
> mashhoor@0.1.0 build
> next build

   Î“Ă»â–“ Next.js 15.5.15
   - Environments: .env
   - Experiments (use with caution):
     â”¬â•– serverActions

   Creating an optimized production build ...
 Î“ÂŁĂ´ Compiled successfully in 16.3s
   Linting and checking validity of types ...
   Collecting page data ...
   Generating static pages (0/97) ...
   Generating static pages (24/97) 
   Generating static pages (48/97) 
   Generating static pages (72/97) 
 Î“ÂŁĂ´ Generating static pages (97/97)
   Finalizing page optimization ...
   Collecting build traces ...

Route (app)                                                                 Size  First Load JS
Î“Ă¶Ă® â•žĂ† /                                                                    22.5 kB        7.51 MB
Î“Ă¶ÂŁ â•žĂ† /_not-found                                                             1 kB         104 kB
Î“Ă¶ÂŁ â•žĂ† /admin                                                                152 kB        7.61 MB
Î“Ă¶ÂŁ â•žĂ† /admin/purchase-request                                              1.45 kB         545 kB
Î“Ă¶ÂŁ â•žĂ† /admin/purchase-request/[requestId]                                   2.6 kB         111 kB
Î“Ă¶ÂŁ â•žĂ† /admin/purchase-request/my-req                                       2.31 kB         539 kB
Î“Ă¶ÂŁ â•žĂ† /admin/purchase-request/my-req/assigned                                386 B         104 kB
Î“Ă¶ÂŁ â•žĂ† /api/activate                                                          386 B         104 kB
Î“Ă¶ÂŁ â•žĂ† /api/admin/achivment                                                   386 B         104 kB
Î“Ă¶ÂŁ â•žĂ† /api/admin/active_code                                                 386 B         104 kB
Î“Ă¶ÂŁ â•žĂ† /api/admin/active_code/send                                            386 B         104 kB
Î“Ă¶ÂŁ â•žĂ† /api/admin/dashboard                                                   386 B         104 kB
Î“Ă¶ÂŁ â•žĂ† /api/admin/dashboard/actions                                           386 B         104 kB
Î“Ă¶ÂŁ â•žĂ† /api/admin/financial-report                                            386 B         104 kB
Î“Ă¶ÂŁ â•žĂ† /api/admin/identity-verifications                                      386 B         104 kB
Î“Ă¶ÂŁ â•žĂ† /api/admin/image-moderation                                            386 B         104 kB
Î“Ă¶ÂŁ â•žĂ† /api/admin/payment-settings                                            386 B         104 kB
Î“Ă¶ÂŁ â•žĂ† /api/admin/payment-settings/check-password                             386 B         104 kB
Î“Ă¶ÂŁ â•žĂ† /api/admin/payment-settings/owner-withdrawals                          386 B         104 kB
Î“Ă¶ÂŁ â•žĂ† /api/admin/payment-settings/reset-password/confirm                     386 B         104 kB
Î“Ă¶ÂŁ â•žĂ† /api/admin/payment-settings/reset-password/request                     386 B         104 kB
Î“Ă¶ÂŁ â•žĂ† /api/admin/payment-settings/reset-password/verify                      386 B         104 kB
Î“Ă¶ÂŁ â•žĂ† /api/admin/payment-settings/set-password                               386 B         104 kB
Î“Ă¶ÂŁ â•žĂ† /api/admin/purchase-req/details/[requestId]                            386 B         104 kB
Î“Ă¶ÂŁ â•žĂ† /api/admin/purchase-req/my-req                                         386 B         104 kB
Î“Ă¶ÂŁ â•žĂ† /api/admin/purchase-req/my-req/[requestId]                             386 B         104 kB
Î“Ă¶ÂŁ â•žĂ† /api/admin/purchase-req/unassigned                                     386 B         104 kB
Î“Ă¶ÂŁ â•žĂ† /api/admin/shamcash-activation-requests                                386 B         104 kB
Î“Ă¶ÂŁ â•žĂ† /api/admin/shamcash-activation-requests/approve                        386 B         104 kB
Î“Ă¶ÂŁ â•žĂ† /api/admin/shamcash-activation-requests/notify-user                    386 B         104 kB
Î“Ă¶ÂŁ â•žĂ† /api/admin/shamcash-activation-requests/reject                         386 B         104 kB
Î“Ă¶ÂŁ â•žĂ† /api/admin/shamcash-activation-requests/shamcash-manual-withdrawals    386 B         104 kB
Î“Ă¶ÂŁ â•žĂ† /api/admin/shamcash-activation-requests/shamcash-payout-jobs           386 B         104 kB
Î“Ă¶ÂŁ â•žĂ† /api/admin/support/broadcast                                           386 B         104 kB
Î“Ă¶ÂŁ â•žĂ† /api/admin/support/messages                                            386 B         104 kB
Î“Ă¶ÂŁ â•žĂ† /api/admin/support/reply                                               386 B         104 kB
Î“Ă¶ÂŁ â•žĂ† /api/analytics/web-vitals                                              386 B         104 kB
Î“Ă¶ÂŁ â•žĂ† /api/auth/[...nextauth]                                                386 B         104 kB
Î“Ă¶ÂŁ â•žĂ† /api/auth/verify-email                                                 386 B         104 kB
Î“Ă¶ÂŁ â•žĂ† /api/cars                                                              386 B         104 kB
Î“Ă¶ÂŁ â•žĂ† /api/cars/new_car/[id]                                                 386 B         104 kB
Î“Ă¶ÂŁ â•žĂ† /api/cars/used_car                                                     386 B         104 kB
Î“Ă¶ÂŁ â•žĂ† /api/cars/used_car/[id]                                                386 B         104 kB
Î“Ă¶ÂŁ â•žĂ† /api/categories                                                        386 B         104 kB
Î“Ă¶ÂŁ â•žĂ† /api/charging_account                                                  386 B         104 kB
Î“Ă¶ÂŁ â•žĂ† /api/favorites                                                         386 B         104 kB
Î“Ă¶ÂŁ â•žĂ† /api/geocode/reverse                                                   386 B         104 kB
Î“Ă¶ÂŁ â•žĂ† /api/homeFurniture                                                     386 B         104 kB
Î“Ă¶ÂŁ â•žĂ† /api/homeFurniture/[id]                                                386 B         104 kB
Î“Ă¶ÂŁ â•žĂ† /api/items                                                             386 B         104 kB
Î“Ă¶ÂŁ â•žĂ† /api/items/delete/[id]                                                 386 B         104 kB
Î“Ă¶ÂŁ â•žĂ† /api/items/details/[id]                                                386 B         104 kB
Î“Ă¶ÂŁ â•žĂ† /api/items/featured                                                    386 B         104 kB
Î“Ă¶ÂŁ â•žĂ† /api/medicalDevices                                                    386 B         104 kB
Î“Ă¶ÂŁ â•žĂ† /api/medicalDevices/[id]                                               386 B         104 kB
Î“Ă¶ÂŁ â•žĂ† /api/notifications                                                     386 B         104 kB
Î“Ă¶ÂŁ â•žĂ† /api/notifications/[id]/read                                           386 B         104 kB
Î“Ă¶ÂŁ â•žĂ† /api/notifications/stream                                              386 B         104 kB
Î“Ă¶ÂŁ â•žĂ† /api/notifications/unread-count                                        386 B         104 kB
Î“Ă¶ÂŁ â•žĂ† /api/otherItems                                                        386 B         104 kB
Î“Ă¶ÂŁ â•žĂ† /api/otherItems/[id]                                                   386 B         104 kB
Î“Ă¶ÂŁ â•žĂ† /api/pay/paypal/capture                                                386 B         104 kB
Î“Ă¶ÂŁ â•žĂ† /api/pay/paypal/order                                                  386 B         104 kB
Î“Ă¶ÂŁ â•žĂ† /api/pay/paypal/withdraw                                               386 B         104 kB
Î“Ă¶ÂŁ â•žĂ† /api/pay/settings                                                      386 B         104 kB
Î“Ă¶ÂŁ â•žĂ† /api/pay/shamcash-verify                                               386 B         104 kB
Î“Ă¶ÂŁ â•žĂ† /api/pay/shamcash/request                                              386 B         104 kB
Î“Ă¶ÂŁ â•žĂ† /api/pay/shamcash/status                                               386 B         104 kB
Î“Ă¶ÂŁ â•žĂ† /api/pay/shamcash/withdraw                                             386 B         104 kB
Î“Ă¶ÂŁ â•žĂ† /api/profile                                                           386 B         104 kB
Î“Ă¶ÂŁ â•žĂ† /api/profile-image                                                     386 B         104 kB
Î“Ă¶ÂŁ â•žĂ† /api/profile/[id]                                                      386 B         104 kB
Î“Ă¶ÂŁ â•žĂ† /api/profile/edit-verification/send-code                               386 B         104 kB
Î“Ă¶ÂŁ â•žĂ† /api/profile/edit-verification/verify-code                             386 B         104 kB
Î“Ă¶ÂŁ â•žĂ† /api/profile/identity-verification                                     386 B         104 kB
Î“Ă¶ÂŁ â•žĂ† /api/profile/summary                                                   386 B         104 kB
Î“Ă¶ÂŁ â•žĂ† /api/profile/withdrawals/shamcash                                      386 B         104 kB
Î“Ă¶ÂŁ â•žĂ† /api/purchase                                                          386 B         104 kB
Î“Ă¶ÂŁ â•žĂ† /api/purchase/admin_aggremental                                        386 B         104 kB
Î“Ă¶ÂŁ â•žĂ† /api/purchase/admin_claim                                              386 B         104 kB
Î“Ă¶ÂŁ â•žĂ† /api/purchase/final_transaction                                        386 B         104 kB
Î“Ă¶ÂŁ â•žĂ† /api/purchase/owner_decision                                           386 B         104 kB
Î“Ă¶ÂŁ â•žĂ† /api/ratings/item                                                      386 B         104 kB
Î“Ă¶ÂŁ â•žĂ† /api/ratings/property                                                  386 B         104 kB
Î“Ă¶ÂŁ â•žĂ† /api/ratings/user                                                      386 B         104 kB
Î“Ă¶ÂŁ â•žĂ† /api/realestate                                                        386 B         104 kB
Î“Ă¶ÂŁ â•žĂ† /api/realestate/[id]                                                   386 B         104 kB
Î“Ă¶ÂŁ â•žĂ† /api/realestate/update                                                 386 B         104 kB
Î“Ă¶ÂŁ â•žĂ† /api/set-locale                                                        386 B         104 kB
Î“Ă¶ÂŁ â•žĂ† /api/support/activation-code-request                                   386 B         104 kB
Î“Ă¶ÂŁ â•žĂ† /api/support/contact                                                   386 B         104 kB
Î“Ă¶ÂŁ â•žĂ† /api/support/tickets                                                   386 B         104 kB
Î“Ă¶ÂŁ â•žĂ† /api/support/tickets/[ticketId]                                        386 B         104 kB
Î“Ă¶ÂŁ â•žĂ† /api/support/tickets/[ticketId]/reply                                  386 B         104 kB
Î“Ă¶ÂŁ â•žĂ† /api/transactions/manage                                               386 B         104 kB
Î“Ă¶ÂŁ â•žĂ† /api/transactions/rent                                                 386 B         104 kB
Î“Ă¶ÂŁ â•žĂ† /api/transactions/sell                                                 386 B         104 kB
Î“Ă¶ÂŁ â•žĂ† /api/upload                                                            386 B         104 kB
Î“Ă¶ÂŁ â•žĂ† /api/verify-email                                                      386 B         104 kB
Î“Ă¶ÂŁ â•žĂ† /api/webhooks/fatora                                                   386 B         104 kB
Î“Ă¶ÂŁ â•žĂ† /api/webhooks/shamcash                                                 386 B         104 kB
Î“Ă¶ÂŁ â•žĂ† /api/ws                                                                386 B         104 kB
Î“Ă¶ÂŁ â•žĂ† /categories/[typeSegment]/[categoryId]/[slug]                          596 B        7.46 MB
Î“Ă¶ÂŁ â•žĂ† /items/details/[id]                                                    182 B        7.46 MB
Î“Ă¶ÂŁ â•žĂ† /items/details/[id]/[slug]                                             183 B        7.46 MB
Î“Ă¶ÂŁ â•žĂ† /items/details/[id]/opengraph-image                                    386 B         104 kB
Î“Ă¶ÂŁ â•žĂ† /items/details/[id]/twitter-image                                      386 B         104 kB
Î“Ă¶ÂŁ Î“ĂąĂŻ /manifest.webmanifest                                                  386 B         104 kB
Î“Ă¶ÂŁ Î“ĂąĂŻ /opengraph-image                                                       386 B         104 kB
Î“Ă¶ÂŁ â•žĂ† /pages/search-res                                                      166 B         109 kB
Î“Ă¶ÂŁ â•žĂ† /payment                                                             5.53 kB         138 kB
Î“Ă¶ÂŁ â•žĂ† /privacy-policy                                                      4.12 kB         111 kB
Î“Ă¶ÂŁ â•žĂ† /profile                                                             63.6 kB        7.53 MB
Î“Ă¶ÂŁ â•žĂ† /reset-password                                                      2.49 kB         106 kB
Î“Ă¶ÂŁ Î“ĂąĂŻ /robots.txt                                                            386 B         104 kB
Î“Ă¶ÂŁ â•žĂ† /sitemap.xml                                                           386 B         104 kB
Î“Ă¶ÂŁ â•žĂ† /sitemap/[id]                                                          386 B         104 kB
Î“Ă¶ÂŁ Î“ĂąĂŻ /twitter-image                                                         386 B         104 kB
Î“Ă¶Ă¶ â•žĂ† /verify-email                                                        1.21 kB         104 kB
+ First Load JS shared by all                                             103 kB
  Î“Ă¶ÂŁ chunks/1255-55f5611cfd370a3f.js                                      45.7 kB
  Î“Ă¶ÂŁ chunks/4bd1b696-100b9d70ed4e49c1.js                                  54.2 kB
  Î“Ă¶Ă¶ other shared chunks (total)                                          3.29 kB


â•žĂ† Middleware                                                             34.2 kB

Î“ĂąĂŻ  (Static)   prerendered as static content
â•žĂ†  (Dynamic)  server-rendered on demand

