COUNT 1
CLICK_ERR locator.click: Timeout 10000ms exceeded.
Call log:
[2m  - waiting for locator('button.mb-2.hover\\:text-primary').first()[22m
[2m    - locator resolved to <button class=" mb-2 hover:text-primary">ΓÇª</button>[22m
[2m  - attempting click action[22m
[2m    2 ├ù waiting for element to be visible, enabled and stable[22m
[2m      - element is not visible[22m
[2m    - retrying click action[22m
[2m    - waiting 20ms[22m
[2m    2 ├ù waiting for element to be visible, enabled and stable[22m
[2m      - element is not visible[22m
[2m    - retrying click action[22m
[2m      - waiting 100ms[22m
[2m    18 ├ù waiting for element to be visible, enabled and stable[22m
[2m       - element is not visible[22m
[2m     - retrying click action[22m
[2m       - waiting 500ms[22m

INPUT_COUNT 1
INP input type=text name=- id=- placeholder=-
BUTTONS ["╪ú","Toggle Sidebar","╪º┘ä┘ü┘ä╪º╪¬╪▒","╪¬╪╡╪»┘è╪▒","╪¬╪╡╪»┘è╪▒","╪¬╪╡╪»┘è╪▒","╪¬╪╡╪»┘è╪▒","╪¬╪╡╪»┘è╪▒","╪¬╪╡╪»┘è╪▒","╪¬╪╡╪»┘è╪▒","╪¬╪╡╪»┘è╪▒","╪¬╪╡╪»┘è╪▒","╪¬╪╡╪»┘è╪▒"]
ARTIFACT tmp/shamcash-autofit/post-trigger-btnmb2.html
