COUNT 2
CLICK_ERR locator.click: Timeout 10000ms exceeded.
Call log:
[2m  - waiting for locator('nav div.cursor-pointer.rounded-full:has(> svg)').nth(1)[22m
[2m    - locator resolved to <div class="flex justify-center items-center rounded-full cursor-pointerΓå╡                  backdrop-blur-md bg-gradient-to-br from-primary/70 to-primary/40Γå╡                  border border-white/20 shadow-[0_4px_15px_rgba(0,0,0,0.2)]Γå╡                  transition-transform duration-300 hover:scale-105 hover:shadow-[0_6px_20px_rgba(0,0,0,0.25)]Γå╡                  hidden">ΓÇª</div>[22m
[2m  - attempting click action[22m
[2m    2 ├ù waiting for element to be visible, enabled and stable[22m
[2m      - element is not visible[22m
[2m    - retrying click action[22m
[2m    - waiting 20ms[22m
[2m    2 ├ù waiting for element to be visible, enabled and stable[22m
[2m      - element is not visible[22m
[2m    - retrying click action[22m
[2m      - waiting 100ms[22m
[2m    18 ├ù waiting for element to be visible, enabled and stable[22m
[2m       - element is not visible[22m
[2m     - retrying click action[22m
[2m       - waiting 500ms[22m

INPUT_COUNT 1
INP input type=text name=- id=- placeholder=-
HTML tmp/shamcash-autofit/post-trigger-index1.html
